0 info it worked if it ends with ok
1 verbose cli [ '/Users/rajbharath/.nvm/versions/node/v7.3.0/bin/node',
1 verbose cli   '/Users/rajbharath/.nvm/versions/node/v7.3.0/bin/npm',
1 verbose cli   'start' ]
2 info using npm@3.10.10
3 info using node@v7.3.0
4 verbose run-script [ 'prestart', 'start', 'poststart' ]
5 info lifecycle goundamani@1.0.0~prestart: goundamani@1.0.0
6 silly lifecycle goundamani@1.0.0~prestart: no script for prestart, continuing
7 info lifecycle goundamani@1.0.0~start: goundamani@1.0.0
8 verbose lifecycle goundamani@1.0.0~start: unsafe-perm in lifecycle true
9 verbose lifecycle goundamani@1.0.0~start: PATH: /Users/rajbharath/.nvm/versions/node/v7.3.0/lib/node_modules/npm/bin/node-gyp-bin:/Users/rajbharath/play-b/goundamani/node_modules/.bin:/Users/rajbharath/.rvm/gems/ruby-2.2.3/bin:/Users/rajbharath/.rvm/gems/ruby-2.2.3@global/bin:/Users/rajbharath/.rvm/rubies/ruby-2.2.3/bin:/usr/local/heroku/bin:/Users/rajbharath/perl5/bin:/Users/rajbharath/.nvm/versions/node/v7.3.0/bin:/Users/rajbharath/.local/bin:/Users/rajbharath/.cabal/bin:/Applications/ghc-7.10.2.app/Contents/bin:/Users/rajbharath/bin/Sencha/Cmd/4.0.5.87:/usr/local/bin:/usr/bin:/bin:/usr/sbin:/sbin:/usr/bin:/usr/local/openssl/bin:/usr/local/bin:/usr/bin:/bin:/usr/sbin:/sbin:/usr/local/go/bin:/usr/local/MacGPG2/bin:/Users/rajbharath/.local/bin:/Users/rajbharath/.cabal/bin:/Applications/ghc-7.10.2.app/Contents/bin:/Users/rajbharath/.rvm/bin:/Users/rajbharath/Downloads/apache-maven-3.5.0/bin:/Users/rajbharath/bin:/Users/rajbharath/.go/bin:/usr/local/opt/openssl/bin:/Users/rajbharath/Library/Android/sdk/platform-tools:/Users/rajbharath/data/db:subl:subl:/usr/local/sbin:/usr/local/bin/phantomjs
10 verbose lifecycle goundamani@1.0.0~start: CWD: /Users/rajbharath/play-b/goundamani
11 silly lifecycle goundamani@1.0.0~start: Args: [ '-c', 'node index.js' ]
12 silly lifecycle goundamani@1.0.0~start: Returned: code: 1  signal: null
13 info lifecycle goundamani@1.0.0~start: Failed to exec start script
14 verbose stack Error: goundamani@1.0.0 start: `node index.js`
14 verbose stack Exit status 1
14 verbose stack     at EventEmitter.<anonymous> (/Users/rajbharath/.nvm/versions/node/v7.3.0/lib/node_modules/npm/lib/utils/lifecycle.js:255:16)
14 verbose stack     at emitTwo (events.js:106:13)
14 verbose stack     at EventEmitter.emit (events.js:191:7)
14 verbose stack     at ChildProcess.<anonymous> (/Users/rajbharath/.nvm/versions/node/v7.3.0/lib/node_modules/npm/lib/utils/spawn.js:40:14)
14 verbose stack     at emitTwo (events.js:106:13)
14 verbose stack     at ChildProcess.emit (events.js:191:7)
14 verbose stack     at maybeClose (internal/child_process.js:885:16)
14 verbose stack     at Process.ChildProcess._handle.onexit (internal/child_process.js:226:5)
15 verbose pkgid goundamani@1.0.0
16 verbose cwd /Users/rajbharath/play-b/goundamani
17 error Darwin 16.1.0
18 error argv "/Users/rajbharath/.nvm/versions/node/v7.3.0/bin/node" "/Users/rajbharath/.nvm/versions/node/v7.3.0/bin/npm" "start"
19 error node v7.3.0
20 error npm  v3.10.10
21 error code ELIFECYCLE
22 error goundamani@1.0.0 start: `node index.js`
22 error Exit status 1
23 error Failed at the goundamani@1.0.0 start script 'node index.js'.
23 error Make sure you have the latest version of node.js and npm installed.
23 error If you do, this is most likely a problem with the goundamani package,
23 error not with npm itself.
23 error Tell the author that this fails on your system:
23 error     node index.js
23 error You can get information on how to open an issue for this project with:
23 error     npm bugs goundamani
23 error Or if that isn't available, you can get their info via:
23 error     npm owner ls goundamani
23 error There is likely additional logging output above.
24 verbose exit [ 1, true ]
